Unit #GV001308I;73.104k.m3;14.276%;Storage #01309;Junction #WA01309K
Unit #KU000032A;1103.31k.m3;14.588%;Storage #00033;Junction #RX00033P
Unit #BD000655Y;371.286k.m3;13.883%;Storage #00656;Junction #UY00656I
Module #AK100765E;2192.947k.m3;14.78%;Storage #02412;Junction #LD02412Z
Unit #NI000196D;520.571k.m3;15.247%;Storage #00197;Junction #EJ00197V
Unit #GU001270I;257.087k.m3;14.75%;Storage #01271;Junction #HR01271T
Unit #VK001576D;709.752k.m3;13.997%;Storage #01577;Junction #SD01577Y
Module #CL100007D;1186.939k.m3;16.78%;Storage #01654;Junction #ZO01654X
Unit #BE000209Y;161.516k.m3;14.188%;Storage #00210;Junction #IP00210W
Unit #YX000321I;1158.199k.m3;14.747%;Storage #00322;Junction #IK00322A
Unit #BL001043G;105.611k.m3;16.823%;Storage #01044;Junction #FI01044J
Module #UB100142L;2188.661k.m3;15.326%;Storage #01789;Junction #HE01789N
Unit #KQ000452P;449.872k.m3;14.587%;Storage #00453;Junction #FU00453S
Unit #OJ000801A;1196.217k.m3;17.259%;Storage #00802;Junction #BU00802K
Module #KA101138D;15205.887k.m3;16.264%;Junction #CF02785J;Service #UQ043270A
Unit #GX000080F;302.044k.m3;15.52%;Junction #RT00081E;Service #XA001218B
Module #MW100187X;15286.339k.m3;16.633%;Storage #01834;Junction #ZV01834K
Module #SC100266I;7014.2k.m3;14.818%;Storage #01913;Junction #BP01913C
Unit #DM000548M;974.402k.m3;14.458%;Storage #00549;Junction #PA00549N
Unit #XE000945E;377.813k.m3;14.317%;Storage #00946;Junction #AU00946D
Module #FH100709H;4119.062k.m3;17.641%;Junction #CO02356T;Service #JL036602J
Module #AT100249Y;9649.391k.m3;15.14%;Storage #01896;Junction #QD01896U
Unit #NR001623M;94.343k.m3;16.331%;Storage #01624;Junction #QN01624A
Unit #MO000490N;587.165k.m3;15.042%;Storage #00491;Junction #JF00491C
Unit #XC000879C;152.958k.m3;14.479%;Storage #00880;Junction #OL00880I
Unit #HC001041C;293.156k.m3;15.84%;Junction #KA01042A;Service #NO016352D
Unit #DT001044D;324.148k.m3;14.269%;Storage #01045;Junction #ZS01045D
Unit #VN000004W;182.38k.m3;15.249%;Storage #00005;Junction #LM00005N
Unit #QR000913K;1227.237k.m3;15.939%;Storage #00914;Junction #KZ00914F
Unit #SZ000327L;969.939k.m3;14.413%;Storage #00328;Junction #AS00328I
Unit #WL001100D;982.62k.m3;14.623%;Storage #01101;Junction #WV01101L
Facility complex #OL400069I;728784.887k.m3;18.091%;Facility complex #OL400069I;Storage #12839
Unit #NY000804Z;1353.081k.m3;14.522%;Storage #00805;Junction #AD00805Z
Module #OS101217V;6737.982k.m3;15.548%;Storage #02864;Junction #YI02864B
Unit #NH001007A;378.143k.m3;15.197%;Storage #01008;Junction #KR01008T
Unit #CG000576J;159.368k.m3;14.363%;Storage #00577;Junction #IX00577T
Module #PF100407E;15482.68k.m3;17.06%;Storage #02054;Junction #ZO02054U
Unit #YD000354U;573.639k.m3;14.165%;Storage #00355;Junction #FG00355B
Unit #TZ000953T;828.34k.m3;14.507%;Storage #00954;Junction #VQ00954E
Unit #KF000267B;728.73k.m3;14.691%;Junction #II00268T;Service #ER003951Q
Facility complex #BT400004O;1064040.876k.m3;17.299%;Facility complex #BT400004O;Storage #11034
Module #DG100897F;12920.804k.m3;14.841%;Storage #02544;Junction #DC02544O
Module #VD100573N;10399.747k.m3;14.836%;Storage #02220;Junction #FJ02220B
Plant #NA200384D;96860.976k.m3;16.144%;Junction #ZW05077O;Service #LM078825A
Plant #FG200281Y;141630.248k.m3;16.078%;Storage #04523;Junction #ST04523P
Unit #XW001591E;903.716k.m3;15.687%;Storage #01592;Junction #SK01592E
Unit #CX000093J;765.428k.m3;15.056%;Storage #00094;Junction #AH00094N
Unit #PJ000906T;540.918k.m3;14.77%;Storage #00907;Junction #FW00907Q
Module #YP101038Y;2100.199k.m3;17.312%;Storage #02685;Junction #NL02685G
Module #OG100951D;13473.515k.m3;15.044%;Storage #02598;Junction #XZ02598M
